<?xml version="1.0" encoding="UTF-8"?>
<!-- Generated by org.testng.reporters.JUnitReportReporter -->
<testsuite skipped="0" hostname="SDN-QA1" name="testCases.TC001" tests="1" failures="0" timestamp="13 Feb 2019 05:35:54 GMT" time="1.569" errors="0">
  <testcase name="Loginto" time="1.569" classname="testCases.TC001"/>
</testsuite> <!-- testCases.TC001 -->
