<?xml version="1.0" encoding="UTF-8"?>
<!-- Generated by org.testng.reporters.JUnitReportReporter -->
<testsuite skipped="0" hostname="AbhijotS" name="testCases.TC001" tests="1" failures="0" timestamp="06 Feb 2019 06:46:26 GMT" time="1.344" errors="0">
  <testcase name="Loginto" time="1.344" classname="testCases.TC001"/>
</testsuite> <!-- testCases.TC001 -->
