<?xml version="1.0" encoding="UTF-8"?>
<!-- Generated by org.testng.reporters.JUnitReportReporter -->
<testsuite skipped="0" hostname="SDN-QA1" name="testCases.TC002" tests="1" failures="0" timestamp="11 Feb 2019 11:42:03 GMT" time="28.105" errors="0">
  <testcase name="create" time="28.105" classname="testCases.TC002"/>
</testsuite> <!-- testCases.TC002 -->
