<?xml version="1.0" encoding="UTF-8"?>
<!-- Generated by org.testng.reporters.JUnitReportReporter -->
<testsuite skipped="0" hostname="SDN-QA1" name="testCases.TC001" tests="1" failures="0" timestamp="11 Feb 2019 12:45:44 GMT" time="1.502" errors="0">
  <testcase name="Loginto" time="1.502" classname="testCases.TC001"/>
</testsuite> <!-- testCases.TC001 -->
